<?xml version="1.0" encoding="UTF-8"?>
<!-- Generated by org.testng.reporters.JUnitReportReporter -->
<testsuite hostname="Awais-Pc" failures="0" tests="1" name="First_Test.Task_TestNG" time="58.096" errors="0" timestamp="2022-07-08T14:59:36 PKT" skipped="0">
  <testcase classname="First_Test.Task_TestNG" name="CheckOutTest" time="58.096"/>
  <system-out/>
</testsuite> <!-- First_Test.Task_TestNG -->
